<?xml version="1.0" encoding="UTF-8"?>
<!-- Generated by org.testng.reporters.JUnitReportReporter -->
<testsuite hostname="Alisha-PC" failures="0" tests="5" name="com.qa.opencart.test.HomePageTest" time="1.636" errors="0" timestamp="18 Jul 2024 09:20:12 GMT" skipped="0">
  <testcase classname="com.qa.opencart.test.HomePageTest" name="homePageURLTest" time="0.002"/>
  <testcase classname="com.qa.opencart.test.HomePageTest" name="searchTest" time="0.671"/>
  <testcase classname="com.qa.opencart.test.HomePageTest" name="searchTest" time="0.472"/>
  <testcase classname="com.qa.opencart.test.HomePageTest" name="homePageTitleTest" time="0.020"/>
  <testcase classname="com.qa.opencart.test.HomePageTest" name="searchTest" time="0.471"/>
</testsuite> <!-- com.qa.opencart.test.HomePageTest -->
